TN:
SF:src/App.tsx
FN:8,App
FNF:1
FNH:1
FNDA:13,App
DA:8,13
DA:9,13
DA:11,9
LF:3
LH:3
BRF:0
BRH:0
end_of_record
TN:
SF:src/components/FooterComponent.tsx
FN:10,(anonymous_0)
FNF:1
FNH:1
FNDA:9,(anonymous_0)
DA:11,9
LF:1
LH:1
BRF:0
BRH:0
end_of_record
TN:
SF:src/components/HeaderComponent.tsx
FN:11,(anonymous_0)
FNF:1
FNH:1
FNDA:9,(anonymous_0)
DA:12,9
LF:1
LH:1
BRF:0
BRH:0
end_of_record
TN:
SF:src/components/MainComponent.tsx
FN:17,(anonymous_1)
FN:23,(anonymous_2)
FNF:2
FNH:2
FNDA:13,(anonymous_1)
FNDA:52,(anonymous_2)
DA:11,4
DA:12,4
DA:17,4
DA:19,13
DA:24,52
LF:5
LH:5
BRF:0
BRH:0
end_of_record
TN:
SF:src/shared/dishes.tsx
FNF:0
FNH:0
DA:21,4
LF:1
LH:1
BRF:0
BRH:0
end_of_record
