<?xml version="1.0" encoding="UTF-8"?>
<coverage generated="1642021042402" clover="3.2.0">
  <project timestamp="1642021042402" name="All files">
    <metrics statements="11" coveredstatements="11" conditionals="0" coveredconditionals="0" methods="5" coveredmethods="5" elements="16" coveredelements="16" complexity="0" loc="11" ncloc="11" packages="3" files="5" classes="5"/>
    <package name="src">
      <metrics statements="3" coveredstatements="3" conditionals="0" coveredconditionals="0" methods="1" coveredmethods="1"/>
      <file name="App.tsx" path="/wk2021/projects2021/ions-front-end/ts-react-01/myTSreactjs01/src/App.tsx">
        <metrics statements="3" coveredstatements="3" conditionals="0" coveredconditionals="0" methods="1" coveredmethods="1"/>
        <line num="8" count="13" type="stmt"/>
        <line num="9" count="13" type="stmt"/>
        <line num="11" count="9" type="stmt"/>
      </file>
    </package>
    <package name="src.components">
      <metrics statements="7" coveredstatements="7" conditionals="0" coveredconditionals="0" methods="4" coveredmethods="4"/>
      <file name="FooterComponent.tsx" path="/wk2021/projects2021/ions-front-end/ts-react-01/myTSreactjs01/src/components/FooterComponent.tsx">
        <metrics statements="1" coveredstatements="1" conditionals="0" coveredconditionals="0" methods="1" coveredmethods="1"/>
        <line num="11" count="9" type="stmt"/>
      </file>
      <file name="HeaderComponent.tsx" path="/wk2021/projects2021/ions-front-end/ts-react-01/myTSreactjs01/src/components/HeaderComponent.tsx">
        <metrics statements="1" coveredstatements="1" conditionals="0" coveredconditionals="0" methods="1" coveredmethods="1"/>
        <line num="12" count="9" type="stmt"/>
      </file>
      <file name="MainComponent.tsx" path="/wk2021/projects2021/ions-front-end/ts-react-01/myTSreactjs01/src/components/MainComponent.tsx">
        <metrics statements="5" coveredstatements="5" conditionals="0" coveredconditionals="0" methods="2" coveredmethods="2"/>
        <line num="11" count="4" type="stmt"/>
        <line num="12" count="4" type="stmt"/>
        <line num="17" count="4" type="stmt"/>
        <line num="19" count="13" type="stmt"/>
        <line num="24" count="52" type="stmt"/>
      </file>
    </package>
    <package name="src.shared">
      <metrics statements="1" coveredstatements="1" conditionals="0" coveredconditionals="0" methods="0" coveredmethods="0"/>
      <file name="dishes.tsx" path="/wk2021/projects2021/ions-front-end/ts-react-01/myTSreactjs01/src/shared/dishes.tsx">
        <metrics statements="1" coveredstatements="1" conditionals="0" coveredconditionals="0" methods="0" coveredmethods="0"/>
        <line num="21" count="4" type="stmt"/>
      </file>
    </package>
  </project>
</coverage>
