{"/wk2021/projects2021/ions-front-end/ts-react-01/myTSreactjs01/src/App.tsx": {"path":"/wk2021/projects2021/ions-front-end/ts-react-01/myTSreactjs01/src/App.tsx","statementMap":{"0":{"start":{"line":8,"column":15},"end":{"line":8,"column":null}},"1":{"start":{"line":9,"column":28},"end":{"line":9,"column":null}},"2":{"start":{"line":11,"column":2},"end":{"line":12,"column":9}},"3":{"start":{"line":8,"column":9},"end":{"line":8,"column":15}}},"fnMap":{"0":{"name":"App","decl":{"start":{"line":8,"column":0},"end":{"line":8,"column":9}},"loc":{"start":{"line":8,"column":15},"end":{"line":12,"column":9}}}},"branchMap":{},"s":{"0":13,"1":13,"2":9,"3":8},"f":{"0":13},"b":{}}
,"/wk2021/projects2021/ions-front-end/ts-react-01/myTSreactjs01/src/components/FooterComponent.tsx": {"path":"/wk2021/projects2021/ions-front-end/ts-react-01/myTSreactjs01/src/components/FooterComponent.tsx","statementMap":{"0":{"start":{"line":11,"column":4},"end":{"line":12,"column":null}}},"fnMap":{"0":{"name":"(anonymous_0)","decl":{"start":{"line":10,"column":9},"end":{"line":10,"column":18}},"loc":{"start":{"line":10,"column":18},"end":{"line":12,"column":null}}}},"branchMap":{},"s":{"0":9},"f":{"0":9},"b":{}}
,"/wk2021/projects2021/ions-front-end/ts-react-01/myTSreactjs01/src/components/HeaderComponent.tsx": {"path":"/wk2021/projects2021/ions-front-end/ts-react-01/myTSreactjs01/src/components/HeaderComponent.tsx","statementMap":{"0":{"start":{"line":12,"column":4},"end":{"line":13,"column":null}}},"fnMap":{"0":{"name":"(anonymous_0)","decl":{"start":{"line":11,"column":9},"end":{"line":11,"column":18}},"loc":{"start":{"line":11,"column":18},"end":{"line":13,"column":null}}}},"branchMap":{},"s":{"0":9},"f":{"0":9},"b":{}}
,"/wk2021/projects2021/ions-front-end/ts-react-01/myTSreactjs01/src/components/MainComponent.tsx": {"path":"/wk2021/projects2021/ions-front-end/ts-react-01/myTSreactjs01/src/components/MainComponent.tsx","statementMap":{"0":{"start":{"line":11,"column":15},"end":{"line":11,"column":null}},"1":{"start":{"line":12,"column":23},"end":{"line":14,"column":null}},"2":{"start":{"line":17,"column":13},"end":{"line":20,"column":null}},"3":{"start":{"line":19,"column":2},"end":{"line":20,"column":null}},"4":{"start":{"line":24,"column":12},"end":{"line":24,"column":null}},"5":{"start":{"line":17,"column":6},"end":{"line":17,"column":13}}},"fnMap":{"0":{"name":"(anonymous_1)","decl":{"start":{"line":17,"column":13},"end":{"line":17,"column":19}},"loc":{"start":{"line":17,"column":19},"end":{"line":20,"column":null}}},"1":{"name":"(anonymous_2)","decl":{"start":{"line":23,"column":10},"end":{"line":23,"column":11}},"loc":{"start":{"line":24,"column":12},"end":{"line":24,"column":null}}}},"branchMap":{},"s":{"0":4,"1":4,"2":4,"3":13,"4":52,"5":4},"f":{"0":13,"1":52},"b":{}}
,"/wk2021/projects2021/ions-front-end/ts-react-01/myTSreactjs01/src/shared/dishes.tsx": {"path":"/wk2021/projects2021/ions-front-end/ts-react-01/myTSreactjs01/src/shared/dishes.tsx","statementMap":{"0":{"start":{"line":21,"column":2},"end":{"line":202,"column":null}}},"fnMap":{},"branchMap":{},"s":{"0":4},"f":{},"b":{}}
}
